error: Could not read .foreverignore file.
error: ENOENT: no such file or directory, open '/Users/hayden/MEGA/projects/tomato-tracker/.foreverignore'
Your app is listening on port 3002
error: restarting script because change changed
error: restarting script because change changed
error: Forever detected script was killed by signal: SIGKILL
error: Script restart attempt #1
error: restarting script because change changed
error: Forever detected script was killed by signal: SIGKILL
error: Script restart attempt #2
error: restarting script because change changed
error: Forever detected script was killed by signal: SIGKILL
error: restarting script because change changed
error: Script restart attempt #3
error: restarting script because change changed
error: Forever detected script was killed by signal: SIGKILL
error: Script restart attempt #4
error: restarting script because change changed
error: Forever detected script was killed by signal: SIGKILL
error: Script restart attempt #5
error: restarting script because change changed
error: Forever detected script was killed by signal: SIGKILL
error: Script restart attempt #6
error: restarting script because change changed
error: Forever detected script was killed by signal: SIGKILL
error: Script restart attempt #7
error: restarting script because change changed
error: Forever detected script was killed by signal: SIGKILL
error: Script restart attempt #8
error: restarting script because change changed
error: Forever detected script was killed by signal: SIGKILL
error: Script restart attempt #9
error: restarting script because change changed
error: Forever detected script was killed by signal: SIGKILL
error: Script restart attempt #10
error: restarting script because change changed
error: Forever detected script was killed by signal: SIGKILL
error: Script restart attempt #11
error: restarting script because change changed
error: Forever detected script was killed by signal: SIGKILL
error: Script restart attempt #12
error: restarting script because change changed
error: Forever detected script was killed by signal: SIGKILL
error: Script restart attempt #13
Your app is listening on port 3002
error: restarting script because change changed
error: Forever detected script was killed by signal: SIGKILL
error: Script restart attempt #14
error: restarting script because change changed
error: Forever detected script was killed by signal: SIGKILL
error: Script restart attempt #15
error: restarting script because change changed
error: Forever detected script was killed by signal: SIGKILL
error: Script restart attempt #16
error: restarting script because change changed
error: Forever detected script was killed by signal: SIGKILL
error: Script restart attempt #17
error: restarting script because change changed
error: Forever detected script was killed by signal: SIGKILL
error: Script restart attempt #18
error: restarting script because change changed
error: Forever detected script was killed by signal: SIGKILL
error: restarting script because change changed
error: Script restart attempt #19
error: restarting script because change changed
error: Forever detected script was killed by signal: SIGKILL
error: Script restart attempt #20
error: restarting script because change changed
error: Forever detected script was killed by signal: SIGKILL
error: Script restart attempt #21
error: restarting script because change changed
error: Forever detected script was killed by signal: SIGKILL
error: Script restart attempt #22
error: restarting script because change changed
error: Forever detected script was killed by signal: SIGKILL
error: Script restart attempt #23
error: restarting script because change changed
error: restarting script because change changed
error: Forever detected script was killed by signal: SIGKILL
error: Script restart attempt #24
error: restarting script because change changed
error: Forever detected script was killed by signal: SIGKILL
error: Script restart attempt #25
Your app is listening on port 3002
error: restarting script because change changed
error: Forever detected script was killed by signal: SIGKILL
error: Script restart attempt #26
Your app is listening on port 3002
error: restarting script because change changed
error: Forever detected script was killed by signal: SIGKILL
error: Script restart attempt #27
error: restarting script because change changed
error: Forever detected script was killed by signal: SIGKILL
error: Script restart attempt #28
error: restarting script because change changed
error: Forever detected script was killed by signal: SIGKILL
error: Script restart attempt #29
error: restarting script because change changed
error: Forever detected script was killed by signal: SIGKILL
error: Script restart attempt #30
error: restarting script because change changed
error: Forever detected script was killed by signal: SIGKILL
error: Script restart attempt #31
Your app is listening on port 3002
error: restarting script because change changed
error: Forever detected script was killed by signal: SIGKILL
error: Script restart attempt #32
error: restarting script because change changed
error: Forever detected script was killed by signal: SIGKILL
error: Script restart attempt #33
Your app is listening on port 3002
error: restarting script because change changed
error: Forever detected script was killed by signal: SIGKILL
error: Script restart attempt #34
Your app is listening on port 3002
error: restarting script because change changed
error: Forever detected script was killed by signal: SIGKILL
error: Script restart attempt #35
error: restarting script because change changed
error: Forever detected script was killed by signal: SIGKILL
error: Script restart attempt #36
error: restarting script because change changed
error: Forever detected script was killed by signal: SIGKILL
error: Script restart attempt #37
error: restarting script because change changed
error: Forever detected script was killed by signal: SIGKILL
error: Script restart attempt #38
Your app is listening on port 3002
error: restarting script because change changed
error: Forever detected script was killed by signal: SIGKILL
error: Script restart attempt #39
error: restarting script because change changed
error: Forever detected script was killed by signal: SIGKILL
error: Script restart attempt #40
error: restarting script because change changed
error: Forever detected script was killed by signal: SIGKILL
error: Script restart attempt #41
error: restarting script because change changed
error: restarting script because change changed
error: Forever detected script was killed by signal: SIGKILL
error: Script restart attempt #42
Your app is listening on port 3002
error: restarting script because change changed
error: Forever detected script was killed by signal: SIGKILL
error: Script restart attempt #43
Your app is listening on port 3002
error: restarting script because change changed
error: Forever detected script was killed by signal: SIGKILL
error: Script restart attempt #44
error: restarting script because change changed
error: Forever detected script was killed by signal: SIGKILL
error: Script restart attempt #45
error: restarting script because change changed
error: Forever detected script was killed by signal: SIGKILL
error: Script restart attempt #46
Your app is listening on port 3002
error: restarting script because change changed
error: Forever detected script was killed by signal: SIGKILL
error: Script restart attempt #47
error: restarting script because change changed
error: Forever detected script was killed by signal: SIGKILL
error: Script restart attempt #48
Your app is listening on port 3002
error: restarting script because change changed
error: Forever detected script was killed by signal: SIGKILL
error: Script restart attempt #49
error: restarting script because change changed
error: Forever detected script was killed by signal: SIGKILL
error: Script restart attempt #50
Your app is listening on port 3002
error: restarting script because change changed
error: Forever detected script was killed by signal: SIGKILL
error: Script restart attempt #51
error: restarting script because change changed
error: Forever detected script was killed by signal: SIGKILL
error: Script restart attempt #52
Your app is listening on port 3002
error: restarting script because change changed
error: Forever detected script was killed by signal: SIGKILL
error: Script restart attempt #53
error: restarting script because change changed
error: Forever detected script was killed by signal: SIGKILL
error: Script restart attempt #54
Your app is listening on port 3002
error: restarting script because change changed
error: Forever detected script was killed by signal: SIGKILL
error: Script restart attempt #55
Your app is listening on port 3002
error: restarting script because change changed
error: Forever detected script was killed by signal: SIGKILL
error: Script restart attempt #56
error: restarting script because change changed
error: Forever detected script was killed by signal: SIGKILL
error: Script restart attempt #57
error: restarting script because change changed
error: Forever detected script was killed by signal: SIGKILL
error: Script restart attempt #58
error: restarting script because change changed
error: Forever detected script was killed by signal: SIGKILL
error: Script restart attempt #59
Your app is listening on port 3002
error: restarting script because change changed
error: Forever detected script was killed by signal: SIGKILL
error: Script restart attempt #60
error: restarting script because change changed
error: Forever detected script was killed by signal: SIGKILL
error: Script restart attempt #61
error: restarting script because change changed
error: Forever detected script was killed by signal: SIGKILL
error: Script restart attempt #62
error: restarting script because change changed
error: Forever detected script was killed by signal: SIGKILL
error: Script restart attempt #63
error: restarting script because change changed
error: Forever detected script was killed by signal: SIGKILL
error: Script restart attempt #64
error: restarting script because change changed
error: Forever detected script was killed by signal: SIGKILL
error: Script restart attempt #65
error: restarting script because change changed
error: Forever detected script was killed by signal: SIGKILL
error: Script restart attempt #66
error: restarting script because change changed
error: Forever detected script was killed by signal: SIGKILL
error: Script restart attempt #67
error: restarting script because change changed
error: Forever detected script was killed by signal: SIGKILL
error: Script restart attempt #68
Your app is listening on port 3002
error: restarting script because change changed
error: Forever detected script was killed by signal: SIGKILL
error: Script restart attempt #69
error: restarting script because change changed
error: Forever detected script was killed by signal: SIGKILL
error: Script restart attempt #70
error: restarting script because change changed
error: Forever detected script was killed by signal: SIGKILL
error: Script restart attempt #71
error: restarting script because change changed
error: restarting script because change changed
error: Forever detected script was killed by signal: SIGKILL
error: Script restart attempt #72
error: restarting script because change changed
error: Forever detected script was killed by signal: SIGKILL
error: Script restart attempt #73
error: restarting script because change changed
error: Forever detected script was killed by signal: SIGKILL
error: Script restart attempt #74
error: restarting script because change changed
error: Forever detected script was killed by signal: SIGKILL
error: Script restart attempt #75
error: restarting script because change changed
error: Forever detected script was killed by signal: SIGKILL
error: Script restart attempt #76
Your app is listening on port 3002
error: restarting script because change changed
error: Forever detected script was killed by signal: SIGKILL
error: Script restart attempt #77
error: restarting script because change changed
error: restarting script because change changed
error: Forever detected script was killed by signal: SIGKILL
error: Script restart attempt #78
error: restarting script because change changed
error: Forever detected script was killed by signal: SIGKILL
error: Script restart attempt #79
error: restarting script because change changed
error: Forever detected script was killed by signal: SIGKILL
error: Script restart attempt #80
error: restarting script because change changed
error: restarting script because change changed
error: Forever detected script was killed by signal: SIGKILL
error: Script restart attempt #81
error: restarting script because change changed
error: Forever detected script was killed by signal: SIGKILL
error: Script restart attempt #82
error: restarting script because change changed
error: Forever detected script was killed by signal: SIGKILL
error: Script restart attempt #83
error: restarting script because change changed
error: Forever detected script was killed by signal: SIGKILL
error: Script restart attempt #84
error: restarting script because change changed
error: Forever detected script was killed by signal: SIGKILL
error: Script restart attempt #85
error: restarting script because change changed
error: Forever detected script was killed by signal: SIGKILL
error: Script restart attempt #86
Your app is listening on port 3002
error: restarting script because change changed
error: Forever detected script was killed by signal: SIGKILL
error: Script restart attempt #87
error: restarting script because change changed
error: Forever detected script was killed by signal: SIGKILL
error: Script restart attempt #88
Your app is listening on port 3002
error: restarting script because change changed
error: Forever detected script was killed by signal: SIGKILL
error: Script restart attempt #89
error: restarting script because change changed
error: Forever detected script was killed by signal: SIGKILL
error: Script restart attempt #90
error: restarting script because change changed
error: Forever detected script was killed by signal: SIGKILL
error: Script restart attempt #91
error: restarting script because change changed
error: Forever detected script was killed by signal: SIGKILL
error: Script restart attempt #92
Your app is listening on port 3002
error: restarting script because change changed
error: Forever detected script was killed by signal: SIGKILL
error: Script restart attempt #93
error: restarting script because change changed
error: Forever detected script was killed by signal: SIGKILL
error: Script restart attempt #94
Your app is listening on port 3002
error: restarting script because change changed
error: Forever detected script was killed by signal: SIGKILL
error: Script restart attempt #95
error: restarting script because change changed
error: Forever detected script was killed by signal: SIGKILL
error: Script restart attempt #96
Your app is listening on port 3002
error: restarting script because change changed
error: Forever detected script was killed by signal: SIGKILL
error: Script restart attempt #97
error: restarting script because change changed
error: Forever detected script was killed by signal: SIGKILL
error: Script restart attempt #98
Your app is listening on port 3002
error: restarting script because change changed
error: Forever detected script was killed by signal: SIGKILL
error: Script restart attempt #99
error: restarting script because change changed
error: Forever detected script was killed by signal: SIGKILL
error: Script restart attempt #100
Your app is listening on port 3002
error: restarting script because change changed
error: Forever detected script was killed by signal: SIGKILL
error: Script restart attempt #101
error: restarting script because change changed
error: Forever detected script was killed by signal: SIGKILL
error: Script restart attempt #102
error: restarting script because change changed
error: Forever detected script was killed by signal: SIGKILL
error: Script restart attempt #103
error: restarting script because change changed
error: Forever detected script was killed by signal: SIGKILL
error: Script restart attempt #104
error: restarting script because change changed
error: Forever detected script was killed by signal: SIGKILL
error: Script restart attempt #105
error: restarting script because change changed
error: Forever detected script was killed by signal: SIGKILL
error: Script restart attempt #106
error: restarting script because change changed
error: Forever detected script was killed by signal: SIGKILL
error: Script restart attempt #107
Your app is listening on port 3002
error: restarting script because change changed
error: Forever detected script was killed by signal: SIGKILL
error: Script restart attempt #108
error: restarting script because change changed
error: Forever detected script was killed by signal: SIGKILL
error: Script restart attempt #109
Your app is listening on port 3002
error: restarting script because change changed
error: Forever detected script was killed by signal: SIGKILL
error: Script restart attempt #110
error: restarting script because change changed
error: restarting script because change changed
error: Forever detected script was killed by signal: SIGKILL
error: Script restart attempt #111
error: restarting script because change changed
error: Forever detected script was killed by signal: SIGKILL
error: Script restart attempt #112
error: restarting script because change changed
error: restarting script because change changed
error: Forever detected script was killed by signal: SIGKILL
error: Script restart attempt #113
error: restarting script because change changed
error: Forever detected script was killed by signal: SIGKILL
error: Script restart attempt #114
error: restarting script because change changed
error: Forever detected script was killed by signal: SIGKILL
error: Script restart attempt #115
Your app is listening on port 3002
error: restarting script because change changed
error: Forever detected script was killed by signal: SIGKILL
error: Script restart attempt #116
error: restarting script because change changed
error: Forever detected script was killed by signal: SIGKILL
error: Script restart attempt #117
error: restarting script because change changed
error: Forever detected script was killed by signal: SIGKILL
error: Script restart attempt #118
error: restarting script because change changed
error: Forever detected script was killed by signal: SIGKILL
error: Script restart attempt #119
Your app is listening on port 3002
error: restarting script because change changed
error: Forever detected script was killed by signal: SIGKILL
error: Script restart attempt #120
error: restarting script because change changed
error: restarting script because change changed
error: Forever detected script was killed by signal: SIGKILL
error: Script restart attempt #121
error: restarting script because change changed
error: Forever detected script was killed by signal: SIGKILL
error: Script restart attempt #122
error: restarting script because change changed
error: Forever detected script was killed by signal: SIGKILL
error: Script restart attempt #123
error: restarting script because change changed
error: Forever detected script was killed by signal: SIGKILL
error: Script restart attempt #124
error: restarting script because change changed
error: Forever detected script was killed by signal: SIGKILL
error: Script restart attempt #125
Your app is listening on port 3002
error: restarting script because change changed
error: Forever detected script was killed by signal: SIGKILL
error: Script restart attempt #126
error: restarting script because change changed
error: Forever detected script was killed by signal: SIGKILL
error: Script restart attempt #127
error: restarting script because change changed
error: Forever detected script was killed by signal: SIGKILL
error: Script restart attempt #128
error: restarting script because change changed
error: Forever detected script was killed by signal: SIGKILL
error: Script restart attempt #129
error: restarting script because change changed
error: Forever detected script was killed by signal: SIGKILL
error: Script restart attempt #130
error: restarting script because change changed
error: Forever detected script was killed by signal: SIGKILL
error: Script restart attempt #131
error: restarting script because change changed
error: Forever detected script was killed by signal: SIGKILL
error: Script restart attempt #132
error: restarting script because change changed
error: Forever detected script was killed by signal: SIGKILL
error: Script restart attempt #133
error: restarting script because change changed
error: Forever detected script was killed by signal: SIGKILL
error: Script restart attempt #134
Your app is listening on port 3002
error: restarting script because change changed
error: Forever detected script was killed by signal: SIGKILL
error: Script restart attempt #135
error: restarting script because change changed
error: Forever detected script was killed by signal: SIGKILL
error: Script restart attempt #136
error: restarting script because change changed
error: Forever detected script was killed by signal: SIGKILL
error: Script restart attempt #137
error: restarting script because change changed
error: Forever detected script was killed by signal: SIGKILL
error: Script restart attempt #138
error: restarting script because change changed
error: Forever detected script was killed by signal: SIGKILL
error: Script restart attempt #139
error: restarting script because change changed
error: Forever detected script was killed by signal: SIGKILL
error: Script restart attempt #140
error: restarting script because change changed
error: Forever detected script was killed by signal: SIGKILL
error: Script restart attempt #141
error: restarting script because change changed
error: Forever detected script was killed by signal: SIGKILL
error: Script restart attempt #142
error: restarting script because change changed
error: Forever detected script was killed by signal: SIGKILL
error: Script restart attempt #143
error: restarting script because change changed
error: Forever detected script was killed by signal: SIGKILL
error: Script restart attempt #144
error: restarting script because change changed
error: Forever detected script was killed by signal: SIGKILL
error: Script restart attempt #145
error: restarting script because change changed
error: Forever detected script was killed by signal: SIGKILL
error: Script restart attempt #146
error: restarting script because change changed
error: Forever detected script was killed by signal: SIGKILL
error: Script restart attempt #147
error: restarting script because change changed
error: Forever detected script was killed by signal: SIGKILL
error: Script restart attempt #148
error: restarting script because change changed
error: Forever detected script was killed by signal: SIGKILL
error: restarting script because change changed
error: Script restart attempt #149
error: restarting script because change changed
error: Forever detected script was killed by signal: SIGKILL
error: Script restart attempt #150
error: restarting script because change changed
error: Forever detected script was killed by signal: SIGKILL
error: restarting script because change changed
error: Script restart attempt #151
error: restarting script because change changed
error: Forever detected script was killed by signal: SIGKILL
error: Script restart attempt #152
error: restarting script because change changed
error: Forever detected script was killed by signal: SIGKILL
error: restarting script because change changed
error: Script restart attempt #153
error: restarting script because change changed
error: Forever detected script was killed by signal: SIGKILL
error: Script restart attempt #154
error: restarting script because change changed
error: Forever detected script was killed by signal: SIGKILL
error: restarting script because change changed
error: Script restart attempt #155
error: restarting script because change changed
error: Forever detected script was killed by signal: SIGKILL
error: Script restart attempt #156
error: restarting script because change changed
error: Forever detected script was killed by signal: SIGKILL
error: Script restart attempt #157
error: restarting script because change changed
error: Forever detected script was killed by signal: SIGKILL
error: restarting script because change changed
error: Script restart attempt #158
error: restarting script because change changed
error: Forever detected script was killed by signal: SIGKILL
error: Script restart attempt #159
error: restarting script because change changed
error: restarting script because change changed
error: Forever detected script was killed by signal: SIGKILL
error: Script restart attempt #160
error: restarting script because change changed
error: Forever detected script was killed by signal: SIGKILL
error: Script restart attempt #161
error: restarting script because change changed
error: Forever detected script was killed by signal: SIGKILL
error: Script restart attempt #162
error: restarting script because change changed
error: Forever detected script was killed by signal: SIGKILL
error: Script restart attempt #163
error: restarting script because change changed
error: Forever detected script was killed by signal: SIGKILL
error: Script restart attempt #164
error: restarting script because change changed
error: Forever detected script was killed by signal: SIGKILL
error: Script restart attempt #165
error: restarting script because change changed
error: Forever detected script was killed by signal: SIGKILL
error: Script restart attempt #166
error: restarting script because change changed
error: Forever detected script was killed by signal: SIGKILL
error: Script restart attempt #167
error: restarting script because change changed
error: restarting script because change changed
error: restarting script because change changed
error: Forever detected script was killed by signal: SIGKILL
error: Script restart attempt #168
error: restarting script because change changed
error: Forever detected script was killed by signal: SIGKILL
error: Script restart attempt #169
error: restarting script because change changed
error: Forever detected script was killed by signal: SIGKILL
error: Script restart attempt #170
error: restarting script because change changed
error: Forever detected script was killed by signal: SIGKILL
error: Script restart attempt #171
error: restarting script because change changed
error: Forever detected script was killed by signal: SIGKILL
error: Script restart attempt #172
error: restarting script because change changed
error: Forever detected script was killed by signal: SIGKILL
error: Script restart attempt #173
error: restarting script because change changed
error: Forever detected script was killed by signal: SIGKILL
error: restarting script because change changed
error: Script restart attempt #174
error: restarting script because change changed
error: restarting script because change changed
error: Forever detected script was killed by signal: SIGKILL
error: Script restart attempt #175
error: restarting script because change changed
error: Forever detected script was killed by signal: SIGKILL
error: Script restart attempt #176
Your app is listening on port 3002
error: restarting script because change changed
error: Forever detected script was killed by signal: SIGKILL
error: Script restart attempt #177
error: restarting script because change changed
error: Forever detected script was killed by signal: SIGKILL
error: Script restart attempt #178
error: restarting script because change changed
error: Forever detected script was killed by signal: SIGKILL
error: Script restart attempt #179
error: restarting script because change changed
error: Forever detected script was killed by signal: SIGKILL
error: Script restart attempt #180
error: restarting script because change changed
error: Forever detected script was killed by signal: SIGKILL
error: Script restart attempt #181
error: restarting script because change changed
error: Forever detected script was killed by signal: SIGKILL
error: Script restart attempt #182
error: restarting script because change changed
error: Forever detected script was killed by signal: SIGKILL
error: Script restart attempt #183
error: restarting script because change changed
error: Forever detected script was killed by signal: SIGKILL
error: Script restart attempt #184
error: restarting script because change changed
error: Forever detected script was killed by signal: SIGKILL
error: restarting script because change changed
error: Script restart attempt #185
error: restarting script because change changed
error: Forever detected script was killed by signal: SIGKILL
error: Script restart attempt #186
Your app is listening on port 3002
error: restarting script because change changed
error: Forever detected script was killed by signal: SIGKILL
error: Script restart attempt #187
error: restarting script because change changed
error: Forever detected script was killed by signal: SIGKILL
error: Script restart attempt #188
error: restarting script because change changed
error: Forever detected script was killed by signal: SIGKILL
error: Script restart attempt #189
error: restarting script because change changed
error: Forever detected script was killed by signal: SIGKILL
error: Script restart attempt #190
error: restarting script because change changed
error: Forever detected script was killed by signal: SIGKILL
error: Script restart attempt #191
error: restarting script because change changed
error: Forever detected script was killed by signal: SIGKILL
error: Script restart attempt #192
error: restarting script because change changed
error: Forever detected script was killed by signal: SIGKILL
error: Script restart attempt #193
error: restarting script because change changed
error: Forever detected script was killed by signal: SIGKILL
error: restarting script because change changed
error: Script restart attempt #194
error: restarting script because change changed
error: Forever detected script was killed by signal: SIGKILL
error: Script restart attempt #195
error: restarting script because change changed
error: Forever detected script was killed by signal: SIGKILL
error: Script restart attempt #196
error: restarting script because change changed
error: Forever detected script was killed by signal: SIGKILL
error: Script restart attempt #197
error: restarting script because change changed
error: Forever detected script was killed by signal: SIGKILL
error: Script restart attempt #198
error: restarting script because change changed
error: Forever detected script was killed by signal: SIGKILL
error: Script restart attempt #199
error: restarting script because change changed
error: Forever detected script was killed by signal: SIGKILL
error: Script restart attempt #200
error: restarting script because change changed
error: Forever detected script was killed by signal: SIGKILL
error: Script restart attempt #201
error: restarting script because change changed
error: restarting script because change changed
error: Forever detected script was killed by signal: SIGKILL
error: Script restart attempt #202
error: restarting script because change changed
error: Forever detected script was killed by signal: SIGKILL
error: Script restart attempt #203
error: restarting script because change changed
error: Forever detected script was killed by signal: SIGKILL
error: Script restart attempt #204
error: restarting script because change changed
error: Forever detected script was killed by signal: SIGKILL
error: Script restart attempt #205
error: restarting script because change changed
error: Forever detected script was killed by signal: SIGKILL
error: Script restart attempt #206
error: restarting script because change changed
error: restarting script because change changed
error: Forever detected script was killed by signal: SIGKILL
error: Script restart attempt #207
error: restarting script because change changed
error: Forever detected script was killed by signal: SIGKILL
error: Script restart attempt #208
error: restarting script because change changed
error: Forever detected script was killed by signal: SIGKILL
error: Script restart attempt #209
{ Error: listen EADDRINUSE: address already in use :::3002
    at Server.setupListenHandle [as _listen2] (net.js:1279:14)
    at listenInCluster (net.js:1327:12)
    at Server.listen (net.js:1414:7)
    at mongoose.connect (/Users/hayden/MEGA/projects/tomato-tracker/server.js:166:21)
    at /Users/hayden/MEGA/projects/tomato-tracker/node_modules/mongoose/lib/connection.js:858:19
    at connectCallback (/Users/hayden/MEGA/projects/tomato-tracker/node_modules/mongoose/node_modules/mongodb/lib/mongo_client.js:527:5)
    at /Users/hayden/MEGA/projects/tomato-tracker/node_modules/mongoose/node_modules/mongodb/lib/mongo_client.js:449:13
    at process._tickCallback (internal/process/next_tick.js:61:11)
  code: 'EADDRINUSE',
  errno: 'EADDRINUSE',
  syscall: 'listen',
  address: '::',
  port: 3002 }
error: Forever detected script exited with code: 0
error: Script restart attempt #210
error: restarting script because change changed
error: Forever detected script was killed by signal: SIGKILL
error: Script restart attempt #211
{ Error: listen EADDRINUSE: address already in use :::3002
    at Server.setupListenHandle [as _listen2] (net.js:1279:14)
    at listenInCluster (net.js:1327:12)
    at Server.listen (net.js:1414:7)
    at mongoose.connect (/Users/hayden/MEGA/projects/tomato-tracker/server.js:166:21)
    at /Users/hayden/MEGA/projects/tomato-tracker/node_modules/mongoose/lib/connection.js:858:19
    at connectCallback (/Users/hayden/MEGA/projects/tomato-tracker/node_modules/mongoose/node_modules/mongodb/lib/mongo_client.js:527:5)
    at /Users/hayden/MEGA/projects/tomato-tracker/node_modules/mongoose/node_modules/mongodb/lib/mongo_client.js:449:13
    at process._tickCallback (internal/process/next_tick.js:61:11)
  code: 'EADDRINUSE',
  errno: 'EADDRINUSE',
  syscall: 'listen',
  address: '::',
  port: 3002 }
error: Forever detected script exited with code: 0
error: Script restart attempt #212
error: restarting script because change changed
error: Forever detected script was killed by signal: SIGKILL
error: Script restart attempt #213
error: restarting script because change changed
error: Forever detected script was killed by signal: SIGKILL
error: Script restart attempt #214
error: restarting script because change changed
error: Forever detected script was killed by signal: SIGKILL
error: Script restart attempt #215
error: restarting script because change changed
error: Forever detected script was killed by signal: SIGKILL
error: Script restart attempt #216
error: restarting script because change changed
error: Forever detected script was killed by signal: SIGKILL
error: Script restart attempt #217
{ Error: listen EADDRINUSE: address already in use :::3002
    at Server.setupListenHandle [as _listen2] (net.js:1279:14)
    at listenInCluster (net.js:1327:12)
    at Server.listen (net.js:1414:7)
    at mongoose.connect (/Users/hayden/MEGA/projects/tomato-tracker/server.js:166:21)
    at /Users/hayden/MEGA/projects/tomato-tracker/node_modules/mongoose/lib/connection.js:858:19
    at connectCallback (/Users/hayden/MEGA/projects/tomato-tracker/node_modules/mongoose/node_modules/mongodb/lib/mongo_client.js:527:5)
    at /Users/hayden/MEGA/projects/tomato-tracker/node_modules/mongoose/node_modules/mongodb/lib/mongo_client.js:449:13
    at process._tickCallback (internal/process/next_tick.js:61:11)
  code: 'EADDRINUSE',
  errno: 'EADDRINUSE',
  syscall: 'listen',
  address: '::',
  port: 3002 }
error: Forever detected script exited with code: 0
error: Script restart attempt #218
error: restarting script because change changed
error: Forever detected script was killed by signal: SIGKILL
error: Script restart attempt #219
{ Error: listen EADDRINUSE: address already in use :::3002
    at Server.setupListenHandle [as _listen2] (net.js:1279:14)
    at listenInCluster (net.js:1327:12)
    at Server.listen (net.js:1414:7)
    at mongoose.connect (/Users/hayden/MEGA/projects/tomato-tracker/server.js:166:21)
    at /Users/hayden/MEGA/projects/tomato-tracker/node_modules/mongoose/lib/connection.js:858:19
    at connectCallback (/Users/hayden/MEGA/projects/tomato-tracker/node_modules/mongoose/node_modules/mongodb/lib/mongo_client.js:527:5)
    at /Users/hayden/MEGA/projects/tomato-tracker/node_modules/mongoose/node_modules/mongodb/lib/mongo_client.js:449:13
    at process._tickCallback (internal/process/next_tick.js:61:11)
  code: 'EADDRINUSE',
  errno: 'EADDRINUSE',
  syscall: 'listen',
  address: '::',
  port: 3002 }
error: Forever detected script exited with code: 0
error: Script restart attempt #220
error: restarting script because change changed
error: Forever detected script was killed by signal: SIGKILL
error: Script restart attempt #221
error: restarting script because change changed
error: Forever detected script was killed by signal: SIGKILL
error: Script restart attempt #222
{ Error: listen EADDRINUSE: address already in use :::3002
    at Server.setupListenHandle [as _listen2] (net.js:1279:14)
    at listenInCluster (net.js:1327:12)
    at Server.listen (net.js:1414:7)
    at mongoose.connect (/Users/hayden/MEGA/projects/tomato-tracker/server.js:166:21)
    at /Users/hayden/MEGA/projects/tomato-tracker/node_modules/mongoose/lib/connection.js:858:19
    at connectCallback (/Users/hayden/MEGA/projects/tomato-tracker/node_modules/mongoose/node_modules/mongodb/lib/mongo_client.js:527:5)
    at /Users/hayden/MEGA/projects/tomato-tracker/node_modules/mongoose/node_modules/mongodb/lib/mongo_client.js:449:13
    at process._tickCallback (internal/process/next_tick.js:61:11)
  code: 'EADDRINUSE',
  errno: 'EADDRINUSE',
  syscall: 'listen',
  address: '::',
  port: 3002 }
error: Forever detected script exited with code: 0
error: Script restart attempt #223
error: restarting script because change changed
error: Forever detected script was killed by signal: SIGKILL
error: Script restart attempt #224
{ Error: listen EADDRINUSE: address already in use :::3002
    at Server.setupListenHandle [as _listen2] (net.js:1279:14)
    at listenInCluster (net.js:1327:12)
    at Server.listen (net.js:1414:7)
    at mongoose.connect (/Users/hayden/MEGA/projects/tomato-tracker/server.js:166:21)
    at /Users/hayden/MEGA/projects/tomato-tracker/node_modules/mongoose/lib/connection.js:858:19
    at connectCallback (/Users/hayden/MEGA/projects/tomato-tracker/node_modules/mongoose/node_modules/mongodb/lib/mongo_client.js:527:5)
    at /Users/hayden/MEGA/projects/tomato-tracker/node_modules/mongoose/node_modules/mongodb/lib/mongo_client.js:449:13
    at process._tickCallback (internal/process/next_tick.js:61:11)
  code: 'EADDRINUSE',
  errno: 'EADDRINUSE',
  syscall: 'listen',
  address: '::',
  port: 3002 }
error: Forever detected script exited with code: 0
error: Script restart attempt #225
error: restarting script because change changed
error: Forever detected script was killed by signal: SIGKILL
error: Script restart attempt #226
{ Error: listen EADDRINUSE: address already in use :::3002
    at Server.setupListenHandle [as _listen2] (net.js:1279:14)
    at listenInCluster (net.js:1327:12)
    at Server.listen (net.js:1414:7)
    at mongoose.connect (/Users/hayden/MEGA/projects/tomato-tracker/server.js:166:21)
    at /Users/hayden/MEGA/projects/tomato-tracker/node_modules/mongoose/lib/connection.js:858:19
    at connectCallback (/Users/hayden/MEGA/projects/tomato-tracker/node_modules/mongoose/node_modules/mongodb/lib/mongo_client.js:527:5)
    at /Users/hayden/MEGA/projects/tomato-tracker/node_modules/mongoose/node_modules/mongodb/lib/mongo_client.js:449:13
    at process._tickCallback (internal/process/next_tick.js:61:11)
  code: 'EADDRINUSE',
  errno: 'EADDRINUSE',
  syscall: 'listen',
  address: '::',
  port: 3002 }
error: Forever detected script exited with code: 0
error: Script restart attempt #227
error: restarting script because change changed
error: Forever detected script was killed by signal: SIGKILL
error: Script restart attempt #228
error: restarting script because change changed
error: Forever detected script was killed by signal: SIGKILL
error: Script restart attempt #229
error: restarting script because change changed
error: Forever detected script was killed by signal: SIGKILL
error: Script restart attempt #230
{ Error: listen EADDRINUSE: address already in use :::3002
    at Server.setupListenHandle [as _listen2] (net.js:1279:14)
    at listenInCluster (net.js:1327:12)
    at Server.listen (net.js:1414:7)
    at mongoose.connect (/Users/hayden/MEGA/projects/tomato-tracker/server.js:166:21)
    at /Users/hayden/MEGA/projects/tomato-tracker/node_modules/mongoose/lib/connection.js:858:19
    at connectCallback (/Users/hayden/MEGA/projects/tomato-tracker/node_modules/mongoose/node_modules/mongodb/lib/mongo_client.js:527:5)
    at /Users/hayden/MEGA/projects/tomato-tracker/node_modules/mongoose/node_modules/mongodb/lib/mongo_client.js:449:13
    at process._tickCallback (internal/process/next_tick.js:61:11)
  code: 'EADDRINUSE',
  errno: 'EADDRINUSE',
  syscall: 'listen',
  address: '::',
  port: 3002 }
error: Forever detected script exited with code: 0
error: Script restart attempt #231
error: restarting script because change changed
error: Forever detected script was killed by signal: SIGKILL
error: Script restart attempt #232
{ Error: listen EADDRINUSE: address already in use :::3002
    at Server.setupListenHandle [as _listen2] (net.js:1279:14)
    at listenInCluster (net.js:1327:12)
    at Server.listen (net.js:1414:7)
    at mongoose.connect (/Users/hayden/MEGA/projects/tomato-tracker/server.js:166:21)
    at /Users/hayden/MEGA/projects/tomato-tracker/node_modules/mongoose/lib/connection.js:858:19
    at connectCallback (/Users/hayden/MEGA/projects/tomato-tracker/node_modules/mongoose/node_modules/mongodb/lib/mongo_client.js:527:5)
    at /Users/hayden/MEGA/projects/tomato-tracker/node_modules/mongoose/node_modules/mongodb/lib/mongo_client.js:449:13
    at process._tickCallback (internal/process/next_tick.js:61:11)
  code: 'EADDRINUSE',
  errno: 'EADDRINUSE',
  syscall: 'listen',
  address: '::',
  port: 3002 }
error: Forever detected script exited with code: 0
error: Script restart attempt #233
error: restarting script because change changed
error: Forever detected script was killed by signal: SIGKILL
error: Script restart attempt #234
error: restarting script because change changed
error: Forever detected script was killed by signal: SIGKILL
error: Script restart attempt #235
{ Error: listen EADDRINUSE: address already in use :::3002
    at Server.setupListenHandle [as _listen2] (net.js:1279:14)
    at listenInCluster (net.js:1327:12)
    at Server.listen (net.js:1414:7)
    at mongoose.connect (/Users/hayden/MEGA/projects/tomato-tracker/server.js:166:21)
    at /Users/hayden/MEGA/projects/tomato-tracker/node_modules/mongoose/lib/connection.js:858:19
    at connectCallback (/Users/hayden/MEGA/projects/tomato-tracker/node_modules/mongoose/node_modules/mongodb/lib/mongo_client.js:527:5)
    at /Users/hayden/MEGA/projects/tomato-tracker/node_modules/mongoose/node_modules/mongodb/lib/mongo_client.js:449:13
    at process._tickCallback (internal/process/next_tick.js:61:11)
  code: 'EADDRINUSE',
  errno: 'EADDRINUSE',
  syscall: 'listen',
  address: '::',
  port: 3002 }
error: Forever detected script exited with code: 0
error: Script restart attempt #236
error: restarting script because change changed
error: Forever detected script was killed by signal: SIGKILL
error: Script restart attempt #237
error: restarting script because change changed
error: Forever detected script was killed by signal: SIGKILL
error: Script restart attempt #238
error: restarting script because change changed
error: Forever detected script was killed by signal: SIGKILL
error: Script restart attempt #239
{ Error: listen EADDRINUSE: address already in use :::3002
    at Server.setupListenHandle [as _listen2] (net.js:1279:14)
    at listenInCluster (net.js:1327:12)
    at Server.listen (net.js:1414:7)
    at mongoose.connect (/Users/hayden/MEGA/projects/tomato-tracker/server.js:166:21)
    at /Users/hayden/MEGA/projects/tomato-tracker/node_modules/mongoose/lib/connection.js:858:19
    at connectCallback (/Users/hayden/MEGA/projects/tomato-tracker/node_modules/mongoose/node_modules/mongodb/lib/mongo_client.js:527:5)
    at /Users/hayden/MEGA/projects/tomato-tracker/node_modules/mongoose/node_modules/mongodb/lib/mongo_client.js:449:13
    at process._tickCallback (internal/process/next_tick.js:61:11)
  code: 'EADDRINUSE',
  errno: 'EADDRINUSE',
  syscall: 'listen',
  address: '::',
  port: 3002 }
error: Forever detected script exited with code: 0
error: Script restart attempt #240
error: restarting script because change changed
error: Forever detected script was killed by signal: SIGKILL
error: Script restart attempt #241
error: restarting script because change changed
error: restarting script because change changed
error: Forever detected script was killed by signal: SIGKILL
error: Script restart attempt #242
{ Error: listen EADDRINUSE: address already in use :::3002
    at Server.setupListenHandle [as _listen2] (net.js:1279:14)
    at listenInCluster (net.js:1327:12)
    at Server.listen (net.js:1414:7)
    at mongoose.connect (/Users/hayden/MEGA/projects/tomato-tracker/server.js:166:21)
    at /Users/hayden/MEGA/projects/tomato-tracker/node_modules/mongoose/lib/connection.js:858:19
    at connectCallback (/Users/hayden/MEGA/projects/tomato-tracker/node_modules/mongoose/node_modules/mongodb/lib/mongo_client.js:527:5)
    at /Users/hayden/MEGA/projects/tomato-tracker/node_modules/mongoose/node_modules/mongodb/lib/mongo_client.js:449:13
    at process._tickCallback (internal/process/next_tick.js:61:11)
  code: 'EADDRINUSE',
  errno: 'EADDRINUSE',
  syscall: 'listen',
  address: '::',
  port: 3002 }
error: Forever detected script exited with code: 0
error: Script restart attempt #243
error: restarting script because change changed
error: Forever detected script was killed by signal: SIGKILL
error: Script restart attempt #244
{ Error: listen EADDRINUSE: address already in use :::3002
    at Server.setupListenHandle [as _listen2] (net.js:1279:14)
    at listenInCluster (net.js:1327:12)
    at Server.listen (net.js:1414:7)
    at mongoose.connect (/Users/hayden/MEGA/projects/tomato-tracker/server.js:166:21)
    at /Users/hayden/MEGA/projects/tomato-tracker/node_modules/mongoose/lib/connection.js:858:19
    at connectCallback (/Users/hayden/MEGA/projects/tomato-tracker/node_modules/mongoose/node_modules/mongodb/lib/mongo_client.js:527:5)
    at /Users/hayden/MEGA/projects/tomato-tracker/node_modules/mongoose/node_modules/mongodb/lib/mongo_client.js:449:13
    at process._tickCallback (internal/process/next_tick.js:61:11)
  code: 'EADDRINUSE',
  errno: 'EADDRINUSE',
  syscall: 'listen',
  address: '::',
  port: 3002 }
error: Forever detected script exited with code: 0
error: Script restart attempt #245
error: restarting script because change changed
error: Forever detected script was killed by signal: SIGKILL
error: Script restart attempt #246
error: restarting script because change changed
error: Forever detected script was killed by signal: SIGKILL
error: Script restart attempt #247
error: restarting script because change changed
error: Forever detected script was killed by signal: SIGKILL
error: Script restart attempt #248
error: restarting script because change changed
error: Forever detected script was killed by signal: SIGKILL
error: Script restart attempt #249
error: restarting script because change changed
error: Forever detected script was killed by signal: SIGKILL
error: Script restart attempt #250
error: restarting script because change changed
error: Forever detected script was killed by signal: SIGKILL
error: Script restart attempt #251
error: restarting script because change changed
error: Forever detected script was killed by signal: SIGKILL
error: Script restart attempt #252
error: restarting script because change changed
error: Forever detected script was killed by signal: SIGKILL
error: Script restart attempt #253
error: restarting script because change changed
error: Forever detected script was killed by signal: SIGKILL
error: Script restart attempt #254
error: restarting script because change changed
error: Forever detected script was killed by signal: SIGKILL
error: Script restart attempt #255
error: restarting script because change changed
error: Forever detected script was killed by signal: SIGKILL
error: Script restart attempt #256
error: restarting script because change changed
error: Forever detected script was killed by signal: SIGKILL
error: Script restart attempt #257
{ Error: listen EADDRINUSE: address already in use :::3002
    at Server.setupListenHandle [as _listen2] (net.js:1279:14)
    at listenInCluster (net.js:1327:12)
    at Server.listen (net.js:1414:7)
    at mongoose.connect (/Users/hayden/MEGA/projects/tomato-tracker/server.js:166:21)
    at /Users/hayden/MEGA/projects/tomato-tracker/node_modules/mongoose/lib/connection.js:858:19
    at connectCallback (/Users/hayden/MEGA/projects/tomato-tracker/node_modules/mongoose/node_modules/mongodb/lib/mongo_client.js:527:5)
    at /Users/hayden/MEGA/projects/tomato-tracker/node_modules/mongoose/node_modules/mongodb/lib/mongo_client.js:449:13
    at process._tickCallback (internal/process/next_tick.js:61:11)
  code: 'EADDRINUSE',
  errno: 'EADDRINUSE',
  syscall: 'listen',
  address: '::',
  port: 3002 }
error: Forever detected script exited with code: 0
error: Script restart attempt #258
error: restarting script because change changed
error: Forever detected script was killed by signal: SIGKILL
error: Script restart attempt #259
error: restarting script because change changed
error: Forever detected script was killed by signal: SIGKILL
error: Script restart attempt #260
error: restarting script because change changed
error: Forever detected script was killed by signal: SIGKILL
error: Script restart attempt #261
{ Error: listen EADDRINUSE: address already in use :::3002
    at Server.setupListenHandle [as _listen2] (net.js:1279:14)
    at listenInCluster (net.js:1327:12)
    at Server.listen (net.js:1414:7)
    at mongoose.connect (/Users/hayden/MEGA/projects/tomato-tracker/server.js:166:21)
    at /Users/hayden/MEGA/projects/tomato-tracker/node_modules/mongoose/lib/connection.js:858:19
    at connectCallback (/Users/hayden/MEGA/projects/tomato-tracker/node_modules/mongoose/node_modules/mongodb/lib/mongo_client.js:527:5)
    at /Users/hayden/MEGA/projects/tomato-tracker/node_modules/mongoose/node_modules/mongodb/lib/mongo_client.js:449:13
    at process._tickCallback (internal/process/next_tick.js:61:11)
  code: 'EADDRINUSE',
  errno: 'EADDRINUSE',
  syscall: 'listen',
  address: '::',
  port: 3002 }
error: Forever detected script exited with code: 0
error: Script restart attempt #262
error: restarting script because change changed
error: Forever detected script was killed by signal: SIGKILL
error: Script restart attempt #263
{ Error: listen EADDRINUSE: address already in use :::3002
    at Server.setupListenHandle [as _listen2] (net.js:1279:14)
    at listenInCluster (net.js:1327:12)
    at Server.listen (net.js:1414:7)
    at mongoose.connect (/Users/hayden/MEGA/projects/tomato-tracker/server.js:166:21)
    at /Users/hayden/MEGA/projects/tomato-tracker/node_modules/mongoose/lib/connection.js:858:19
    at connectCallback (/Users/hayden/MEGA/projects/tomato-tracker/node_modules/mongoose/node_modules/mongodb/lib/mongo_client.js:527:5)
    at /Users/hayden/MEGA/projects/tomato-tracker/node_modules/mongoose/node_modules/mongodb/lib/mongo_client.js:449:13
    at process._tickCallback (internal/process/next_tick.js:61:11)
  code: 'EADDRINUSE',
  errno: 'EADDRINUSE',
  syscall: 'listen',
  address: '::',
  port: 3002 }
error: Forever detected script exited with code: 0
error: Script restart attempt #264
error: restarting script because change changed
error: Forever detected script was killed by signal: SIGKILL
error: Script restart attempt #265
error: restarting script because change changed
error: Forever detected script was killed by signal: SIGKILL
error: Script restart attempt #266
{ Error: listen EADDRINUSE: address already in use :::3002
    at Server.setupListenHandle [as _listen2] (net.js:1279:14)
    at listenInCluster (net.js:1327:12)
    at Server.listen (net.js:1414:7)
    at mongoose.connect (/Users/hayden/MEGA/projects/tomato-tracker/server.js:166:21)
    at /Users/hayden/MEGA/projects/tomato-tracker/node_modules/mongoose/lib/connection.js:858:19
    at connectCallback (/Users/hayden/MEGA/projects/tomato-tracker/node_modules/mongoose/node_modules/mongodb/lib/mongo_client.js:527:5)
    at /Users/hayden/MEGA/projects/tomato-tracker/node_modules/mongoose/node_modules/mongodb/lib/mongo_client.js:449:13
    at process._tickCallback (internal/process/next_tick.js:61:11)
  code: 'EADDRINUSE',
  errno: 'EADDRINUSE',
  syscall: 'listen',
  address: '::',
  port: 3002 }
error: Forever detected script exited with code: 0
error: Script restart attempt #267
error: restarting script because change changed
error: Forever detected script was killed by signal: SIGKILL
error: Script restart attempt #268
error: restarting script because change changed
error: Forever detected script was killed by signal: SIGKILL
error: Script restart attempt #269
{ Error: listen EADDRINUSE: address already in use :::3002
    at Server.setupListenHandle [as _listen2] (net.js:1279:14)
    at listenInCluster (net.js:1327:12)
    at Server.listen (net.js:1414:7)
    at mongoose.connect (/Users/hayden/MEGA/projects/tomato-tracker/server.js:166:21)
    at /Users/hayden/MEGA/projects/tomato-tracker/node_modules/mongoose/lib/connection.js:858:19
    at connectCallback (/Users/hayden/MEGA/projects/tomato-tracker/node_modules/mongoose/node_modules/mongodb/lib/mongo_client.js:527:5)
    at /Users/hayden/MEGA/projects/tomato-tracker/node_modules/mongoose/node_modules/mongodb/lib/mongo_client.js:449:13
    at process._tickCallback (internal/process/next_tick.js:61:11)
  code: 'EADDRINUSE',
  errno: 'EADDRINUSE',
  syscall: 'listen',
  address: '::',
  port: 3002 }
error: Forever detected script exited with code: 0
error: Script restart attempt #270
error: restarting script because change changed
error: Forever detected script was killed by signal: SIGKILL
error: Script restart attempt #271
error: restarting script because change changed
error: Forever detected script was killed by signal: SIGKILL
error: Script restart attempt #272
error: restarting script because change changed
error: Forever detected script was killed by signal: SIGKILL
error: Script restart attempt #273
{ Error: listen EADDRINUSE: address already in use :::3002
    at Server.setupListenHandle [as _listen2] (net.js:1279:14)
    at listenInCluster (net.js:1327:12)
    at Server.listen (net.js:1414:7)
    at mongoose.connect (/Users/hayden/MEGA/projects/tomato-tracker/server.js:166:21)
    at /Users/hayden/MEGA/projects/tomato-tracker/node_modules/mongoose/lib/connection.js:858:19
    at connectCallback (/Users/hayden/MEGA/projects/tomato-tracker/node_modules/mongoose/node_modules/mongodb/lib/mongo_client.js:527:5)
    at /Users/hayden/MEGA/projects/tomato-tracker/node_modules/mongoose/node_modules/mongodb/lib/mongo_client.js:449:13
    at process._tickCallback (internal/process/next_tick.js:61:11)
  code: 'EADDRINUSE',
  errno: 'EADDRINUSE',
  syscall: 'listen',
  address: '::',
  port: 3002 }
error: Forever detected script exited with code: 0
error: Script restart attempt #274
error: restarting script because change changed
error: Forever detected script was killed by signal: SIGKILL
error: Script restart attempt #275
{ Error: listen EADDRINUSE: address already in use :::3002
    at Server.setupListenHandle [as _listen2] (net.js:1279:14)
    at listenInCluster (net.js:1327:12)
    at Server.listen (net.js:1414:7)
    at mongoose.connect (/Users/hayden/MEGA/projects/tomato-tracker/server.js:166:21)
    at /Users/hayden/MEGA/projects/tomato-tracker/node_modules/mongoose/lib/connection.js:858:19
    at connectCallback (/Users/hayden/MEGA/projects/tomato-tracker/node_modules/mongoose/node_modules/mongodb/lib/mongo_client.js:527:5)
    at /Users/hayden/MEGA/projects/tomato-tracker/node_modules/mongoose/node_modules/mongodb/lib/mongo_client.js:449:13
    at process._tickCallback (internal/process/next_tick.js:61:11)
  code: 'EADDRINUSE',
  errno: 'EADDRINUSE',
  syscall: 'listen',
  address: '::',
  port: 3002 }
error: Forever detected script exited with code: 0
error: Script restart attempt #276
error: restarting script because change changed
error: Forever detected script was killed by signal: SIGKILL
error: Script restart attempt #277
error: restarting script because change changed
error: Forever detected script was killed by signal: SIGKILL
error: Script restart attempt #278
{ Error: listen EADDRINUSE: address already in use :::3002
    at Server.setupListenHandle [as _listen2] (net.js:1279:14)
    at listenInCluster (net.js:1327:12)
    at Server.listen (net.js:1414:7)
    at mongoose.connect (/Users/hayden/MEGA/projects/tomato-tracker/server.js:166:21)
    at /Users/hayden/MEGA/projects/tomato-tracker/node_modules/mongoose/lib/connection.js:858:19
    at connectCallback (/Users/hayden/MEGA/projects/tomato-tracker/node_modules/mongoose/node_modules/mongodb/lib/mongo_client.js:527:5)
    at /Users/hayden/MEGA/projects/tomato-tracker/node_modules/mongoose/node_modules/mongodb/lib/mongo_client.js:449:13
    at process._tickCallback (internal/process/next_tick.js:61:11)
  code: 'EADDRINUSE',
  errno: 'EADDRINUSE',
  syscall: 'listen',
  address: '::',
  port: 3002 }
error: Forever detected script exited with code: 0
error: Script restart attempt #279
error: restarting script because change changed
error: Forever detected script was killed by signal: SIGKILL
error: Script restart attempt #280
error: restarting script because change changed
error: Forever detected script was killed by signal: SIGKILL
error: Script restart attempt #281
{ Error: listen EADDRINUSE: address already in use :::3002
    at Server.setupListenHandle [as _listen2] (net.js:1279:14)
    at listenInCluster (net.js:1327:12)
    at Server.listen (net.js:1414:7)
    at mongoose.connect (/Users/hayden/MEGA/projects/tomato-tracker/server.js:166:21)
    at /Users/hayden/MEGA/projects/tomato-tracker/node_modules/mongoose/lib/connection.js:858:19
    at connectCallback (/Users/hayden/MEGA/projects/tomato-tracker/node_modules/mongoose/node_modules/mongodb/lib/mongo_client.js:527:5)
    at /Users/hayden/MEGA/projects/tomato-tracker/node_modules/mongoose/node_modules/mongodb/lib/mongo_client.js:449:13
    at process._tickCallback (internal/process/next_tick.js:61:11)
  code: 'EADDRINUSE',
  errno: 'EADDRINUSE',
  syscall: 'listen',
  address: '::',
  port: 3002 }
error: Forever detected script exited with code: 0
error: Script restart attempt #282
error: restarting script because change changed
error: Forever detected script was killed by signal: SIGKILL
error: Script restart attempt #283
{ Error: listen EADDRINUSE: address already in use :::3002
    at Server.setupListenHandle [as _listen2] (net.js:1279:14)
    at listenInCluster (net.js:1327:12)
    at Server.listen (net.js:1414:7)
    at mongoose.connect (/Users/hayden/MEGA/projects/tomato-tracker/server.js:166:21)
    at /Users/hayden/MEGA/projects/tomato-tracker/node_modules/mongoose/lib/connection.js:858:19
    at connectCallback (/Users/hayden/MEGA/projects/tomato-tracker/node_modules/mongoose/node_modules/mongodb/lib/mongo_client.js:527:5)
    at /Users/hayden/MEGA/projects/tomato-tracker/node_modules/mongoose/node_modules/mongodb/lib/mongo_client.js:449:13
    at process._tickCallback (internal/process/next_tick.js:61:11)
  code: 'EADDRINUSE',
  errno: 'EADDRINUSE',
  syscall: 'listen',
  address: '::',
  port: 3002 }
error: Forever detected script exited with code: 0
error: Script restart attempt #284
error: restarting script because change changed
error: Forever detected script was killed by signal: SIGKILL
error: Script restart attempt #285
error: restarting script because change changed
error: restarting script because change changed
error: Forever detected script was killed by signal: SIGKILL
error: Script restart attempt #286
error: restarting script because change changed
error: restarting script because change changed
error: Forever detected script was killed by signal: SIGKILL
error: Script restart attempt #287
error: Forever detected script was killed by signal: SIGKILL
